2022-07-23 08:27:54 INFO  Log:11 - =====================================login TEST START=========================================
2022-07-23 08:27:55 INFO  Log:22 - click on singn in btn
2022-07-23 08:28:21 INFO  Log:22 - enter user,password
2022-07-23 08:28:37 INFO  Log:22 - verify adim able to login
2022-07-23 08:28:37 INFO  Log:22 - login sucess
2022-07-23 08:32:02 INFO  Log:11 - =====================================CrateAccount TEST START=========================================
2022-07-23 08:32:03 INFO  Log:22 - click on singn in btn
2022-07-23 08:33:10 INFO  Log:11 - =====================================login TEST START=========================================
2022-07-23 08:33:10 INFO  Log:22 - click on singn in btn
2022-07-23 08:33:44 INFO  Log:22 - enter user,password
2022-07-23 08:33:51 INFO  Log:22 - verify adim able to login
2022-07-23 08:33:51 INFO  Log:22 - login sucess
2022-07-23 08:33:51 INFO  Log:15 - =====================================sucess TEST END=========================================
2022-07-23 08:34:31 INFO  Log:11 - =====================================CrateAccount TEST START=========================================
2022-07-23 08:34:32 INFO  Log:22 - click on singn in btn
2022-07-23 08:35:00 INFO  Log:22 - enter email id
2022-07-23 08:35:19 INFO  Log:11 - =====================================login TEST START=========================================
2022-07-23 08:35:19 INFO  Log:22 - click on singn in btn
2022-07-23 08:35:44 INFO  Log:22 - enter user,password
2022-07-23 08:36:02 INFO  Log:22 - verify adim able to login
2022-07-23 08:36:02 INFO  Log:22 - login sucess
2022-07-23 08:36:02 INFO  Log:15 - =====================================sucess TEST END=========================================
2022-07-23 09:21:20 INFO  Log:11 - =====================================CrateAccount TEST START=========================================
2022-07-23 09:21:20 INFO  Log:22 - click on singn in btn
2022-07-23 09:21:58 INFO  Log:22 - enter email id
2022-07-23 09:22:14 INFO  Log:11 - =====================================login TEST START=========================================
2022-07-23 09:22:14 INFO  Log:22 - click on singn in btn
2022-07-23 09:22:46 INFO  Log:22 - enter user,password
2022-07-23 09:23:06 INFO  Log:22 - verify adim able to login
2022-07-23 09:23:06 INFO  Log:22 - login sucess
2022-07-23 09:23:06 INFO  Log:15 - =====================================sucess TEST END=========================================
2022-07-23 09:29:35 INFO  Log:11 - =====================================CrateAccount TEST START=========================================
2022-07-23 09:29:35 INFO  Log:22 - click on singn in btn
2022-07-23 09:30:09 INFO  Log:22 - enter email id
2022-07-23 09:30:25 INFO  Log:11 - =====================================login TEST START=========================================
2022-07-23 09:30:25 INFO  Log:22 - click on singn in btn
2022-07-23 09:30:54 INFO  Log:22 - enter user,password
2022-07-23 09:31:07 INFO  Log:22 - verify adim able to login
2022-07-23 09:31:07 INFO  Log:22 - login sucess
2022-07-23 09:31:07 INFO  Log:15 - =====================================sucess TEST END=========================================
2022-07-23 09:33:50 INFO  Log:11 - =====================================CrateAccount TEST START=========================================
2022-07-23 09:33:50 INFO  Log:22 - click on singn in btn
2022-07-23 09:34:23 INFO  Log:22 - enter email id
2022-07-23 09:34:41 INFO  Log:11 - =====================================login TEST START=========================================
2022-07-23 09:34:41 INFO  Log:22 - click on singn in btn
2022-07-23 09:35:07 INFO  Log:22 - enter user,password
2022-07-23 09:37:28 INFO  Log:11 - =====================================CrateAccount TEST START=========================================
2022-07-23 09:37:28 INFO  Log:22 - click on singn in btn
2022-07-23 09:38:03 INFO  Log:22 - enter email id
2022-07-23 09:38:24 INFO  Log:11 - =====================================login TEST START=========================================
2022-07-23 09:38:24 INFO  Log:22 - click on singn in btn
2022-07-23 09:38:43 INFO  Log:22 - enter user,password
2022-07-23 09:45:46 INFO  Log:11 - =====================================CrateAccount TEST START=========================================
2022-07-23 09:45:46 INFO  Log:22 - click on singn in btn
2022-07-23 09:46:20 INFO  Log:22 - enter email id
2022-07-23 09:46:38 INFO  Log:11 - =====================================login TEST START=========================================
2022-07-23 09:46:38 INFO  Log:22 - click on singn in btn
2022-07-23 09:47:11 INFO  Log:22 - enter user,password
2022-07-23 09:47:31 INFO  Log:22 - verify adim able to login
2022-07-23 09:47:31 INFO  Log:22 - login sucess
2022-07-23 09:47:31 INFO  Log:15 - =====================================sucess TEST END=========================================
2022-07-23 09:47:32 DEBUG cache:45 - Couldn't find template in cache for "v3html/v3-html-index.ftl"("en", UTF-8, parsed); will try to load it.
2022-07-23 09:47:32 DEBUG cache:45 - TemplateLoader.findTemplateSource("v3html/v3-html-index_en.ftl"): Not found
2022-07-23 09:47:32 DEBUG cache:45 - TemplateLoader.findTemplateSource("v3html/v3-html-index.ftl"): Found
2022-07-23 09:47:32 DEBUG cache:45 - Loading template for "v3html/v3-html-index.ftl"("en", UTF-8, parsed) from "jar:file:/C:/Users/admin/.m2/repository/com/aventstack/extentreports/4.0.9/extentreports-4.0.9.jar!/com/aventstack/extentreports/view/v3html/v3-html-index.ftl"
2022-07-23 09:47:32 DEBUG cache:45 - Couldn't find template in cache for "v3html/v3-html-head.ftl"("en", UTF-8, parsed); will try to load it.
2022-07-23 09:47:32 DEBUG cache:45 - TemplateLoader.findTemplateSource("v3html/v3-html-head_en.ftl"): Not found
2022-07-23 09:47:32 DEBUG cache:45 - TemplateLoader.findTemplateSource("v3html/v3-html-head.ftl"): Found
2022-07-23 09:47:32 DEBUG cache:45 - Loading template for "v3html/v3-html-head.ftl"("en", UTF-8, parsed) from "jar:file:/C:/Users/admin/.m2/repository/com/aventstack/extentreports/4.0.9/extentreports-4.0.9.jar!/com/aventstack/extentreports/view/v3html/v3-html-head.ftl"
2022-07-23 09:47:32 DEBUG cache:45 - Couldn't find template in cache for "v3html/v3-html-nav.ftl"("en", UTF-8, parsed); will try to load it.
2022-07-23 09:47:32 DEBUG cache:45 - TemplateLoader.findTemplateSource("v3html/v3-html-nav_en.ftl"): Not found
2022-07-23 09:47:32 DEBUG cache:45 - TemplateLoader.findTemplateSource("v3html/v3-html-nav.ftl"): Found
2022-07-23 09:47:32 DEBUG cache:45 - Loading template for "v3html/v3-html-nav.ftl"("en", UTF-8, parsed) from "jar:file:/C:/Users/admin/.m2/repository/com/aventstack/extentreports/4.0.9/extentreports-4.0.9.jar!/com/aventstack/extentreports/view/v3html/v3-html-nav.ftl"
2022-07-23 09:47:32 DEBUG cache:45 - Couldn't find template in cache for "v3html/test-view/v3-html-test-view.ftl"("en", UTF-8, parsed); will try to load it.
2022-07-23 09:47:32 DEBUG cache:45 - TemplateLoader.findTemplateSource("v3html/test-view/v3-html-test-view_en.ftl"): Not found
2022-07-23 09:47:32 DEBUG cache:45 - TemplateLoader.findTemplateSource("v3html/test-view/v3-html-test-view.ftl"): Found
2022-07-23 09:47:32 DEBUG cache:45 - Loading template for "v3html/test-view/v3-html-test-view.ftl"("en", UTF-8, parsed) from "jar:file:/C:/Users/admin/.m2/repository/com/aventstack/extentreports/4.0.9/extentreports-4.0.9.jar!/com/aventstack/extentreports/view/v3html/test-view/v3-html-test-view.ftl"
2022-07-23 09:47:32 DEBUG cache:45 - Couldn't find template in cache for "v3html/test-view/v3-html-test-view-charts.ftl"("en", UTF-8, parsed); will try to load it.
2022-07-23 09:47:32 DEBUG cache:45 - TemplateLoader.findTemplateSource("v3html/test-view/v3-html-test-view-charts_en.ftl"): Not found
2022-07-23 09:47:32 DEBUG cache:45 - TemplateLoader.findTemplateSource("v3html/test-view/v3-html-test-view-charts.ftl"): Found
2022-07-23 09:47:32 DEBUG cache:45 - Loading template for "v3html/test-view/v3-html-test-view-charts.ftl"("en", UTF-8, parsed) from "jar:file:/C:/Users/admin/.m2/repository/com/aventstack/extentreports/4.0.9/extentreports-4.0.9.jar!/com/aventstack/extentreports/view/v3html/test-view/v3-html-test-view-charts.ftl"
2022-07-23 09:47:32 DEBUG cache:45 - Couldn't find template in cache for "v3html/test-view/v3-html-standard.ftl"("en", UTF-8, parsed); will try to load it.
2022-07-23 09:47:33 DEBUG cache:45 - TemplateLoader.findTemplateSource("v3html/test-view/v3-html-standard_en.ftl"): Not found
2022-07-23 09:47:33 DEBUG cache:45 - TemplateLoader.findTemplateSource("v3html/test-view/v3-html-standard.ftl"): Found
2022-07-23 09:47:33 DEBUG cache:45 - Loading template for "v3html/test-view/v3-html-standard.ftl"("en", UTF-8, parsed) from "jar:file:/C:/Users/admin/.m2/repository/com/aventstack/extentreports/4.0.9/extentreports-4.0.9.jar!/com/aventstack/extentreports/view/v3html/test-view/v3-html-standard.ftl"
2022-07-23 09:47:33 DEBUG cache:45 - Couldn't find template in cache for "v3html/category-view/v3-html-category-view.ftl"("en", UTF-8, parsed); will try to load it.
2022-07-23 09:47:33 DEBUG cache:45 - TemplateLoader.findTemplateSource("v3html/category-view/v3-html-category-view_en.ftl"): Not found
2022-07-23 09:47:33 DEBUG cache:45 - TemplateLoader.findTemplateSource("v3html/category-view/v3-html-category-view.ftl"): Found
2022-07-23 09:47:33 DEBUG cache:45 - Loading template for "v3html/category-view/v3-html-category-view.ftl"("en", UTF-8, parsed) from "jar:file:/C:/Users/admin/.m2/repository/com/aventstack/extentreports/4.0.9/extentreports-4.0.9.jar!/com/aventstack/extentreports/view/v3html/category-view/v3-html-category-view.ftl"
2022-07-23 09:47:33 DEBUG cache:45 - Couldn't find template in cache for "v3html/exception-view/v3-html-exception-view.ftl"("en", UTF-8, parsed); will try to load it.
2022-07-23 09:47:33 DEBUG cache:45 - TemplateLoader.findTemplateSource("v3html/exception-view/v3-html-exception-view_en.ftl"): Not found
2022-07-23 09:47:33 DEBUG cache:45 - TemplateLoader.findTemplateSource("v3html/exception-view/v3-html-exception-view.ftl"): Found
2022-07-23 09:47:33 DEBUG cache:45 - Loading template for "v3html/exception-view/v3-html-exception-view.ftl"("en", UTF-8, parsed) from "jar:file:/C:/Users/admin/.m2/repository/com/aventstack/extentreports/4.0.9/extentreports-4.0.9.jar!/com/aventstack/extentreports/view/v3html/exception-view/v3-html-exception-view.ftl"
2022-07-23 09:47:33 DEBUG cache:45 - Couldn't find template in cache for "v3html/author-view/v3-html-author-view.ftl"("en", UTF-8, parsed); will try to load it.
2022-07-23 09:47:33 DEBUG cache:45 - TemplateLoader.findTemplateSource("v3html/author-view/v3-html-author-view_en.ftl"): Not found
2022-07-23 09:47:33 DEBUG cache:45 - TemplateLoader.findTemplateSource("v3html/author-view/v3-html-author-view.ftl"): Found
2022-07-23 09:47:33 DEBUG cache:45 - Loading template for "v3html/author-view/v3-html-author-view.ftl"("en", UTF-8, parsed) from "jar:file:/C:/Users/admin/.m2/repository/com/aventstack/extentreports/4.0.9/extentreports-4.0.9.jar!/com/aventstack/extentreports/view/v3html/author-view/v3-html-author-view.ftl"
2022-07-23 09:47:33 DEBUG cache:45 - Couldn't find template in cache for "v3html/dashboard-view/v3-html-dashboard-view.ftl"("en", UTF-8, parsed); will try to load it.
2022-07-23 09:47:33 DEBUG cache:45 - TemplateLoader.findTemplateSource("v3html/dashboard-view/v3-html-dashboard-view_en.ftl"): Not found
2022-07-23 09:47:33 DEBUG cache:45 - TemplateLoader.findTemplateSource("v3html/dashboard-view/v3-html-dashboard-view.ftl"): Found
2022-07-23 09:47:33 DEBUG cache:45 - Loading template for "v3html/dashboard-view/v3-html-dashboard-view.ftl"("en", UTF-8, parsed) from "jar:file:/C:/Users/admin/.m2/repository/com/aventstack/extentreports/4.0.9/extentreports-4.0.9.jar!/com/aventstack/extentreports/view/v3html/dashboard-view/v3-html-dashboard-view.ftl"
2022-07-23 09:47:33 DEBUG cache:45 - Couldn't find template in cache for "v3html/logs-view/v3-html-testrunner-logs-view.ftl"("en", UTF-8, parsed); will try to load it.
2022-07-23 09:47:33 DEBUG cache:45 - TemplateLoader.findTemplateSource("v3html/logs-view/v3-html-testrunner-logs-view_en.ftl"): Not found
2022-07-23 09:47:33 DEBUG cache:45 - TemplateLoader.findTemplateSource("v3html/logs-view/v3-html-testrunner-logs-view.ftl"): Found
2022-07-23 09:47:33 DEBUG cache:45 - Loading template for "v3html/logs-view/v3-html-testrunner-logs-view.ftl"("en", UTF-8, parsed) from "jar:file:/C:/Users/admin/.m2/repository/com/aventstack/extentreports/4.0.9/extentreports-4.0.9.jar!/com/aventstack/extentreports/view/v3html/logs-view/v3-html-testrunner-logs-view.ftl"
2022-07-27 18:11:24 INFO  Log:11 - =====================================CrateAccount TEST START=========================================
2022-07-27 18:11:25 INFO  Log:22 - click on singn in btn
2022-07-27 18:11:42 INFO  Log:11 - =====================================login TEST START=========================================
2022-07-27 18:11:42 INFO  Log:22 - click on singn in btn
2022-07-28 15:03:08 INFO  Log:11 - =====================================CrateAccount TEST START=========================================
2022-07-28 15:03:08 INFO  Log:22 - click on singn in btn
2022-07-28 15:03:15 INFO  Log:22 - enter email id
2022-07-28 15:03:31 INFO  Log:11 - =====================================login TEST START=========================================
2022-07-28 15:03:31 INFO  Log:22 - click on singn in btn
2022-07-28 15:03:55 INFO  Log:22 - enter user,password
2022-07-28 15:04:00 INFO  Log:22 - verify adim able to login
2022-07-28 15:04:00 INFO  Log:22 - login sucess
2022-07-28 15:04:00 INFO  Log:15 - =====================================sucess TEST END=========================================
2022-07-28 15:10:15 INFO  Log:11 - =====================================CrateAccount TEST START=========================================
2022-07-28 15:10:15 INFO  Log:22 - click on singn in btn
2022-07-28 15:10:20 INFO  Log:22 - enter email id
2022-07-28 15:10:32 INFO  Log:11 - =====================================login TEST START=========================================
2022-07-28 15:10:32 INFO  Log:22 - click on singn in btn
2022-07-28 15:10:38 INFO  Log:22 - enter user,password
2022-07-28 15:10:42 INFO  Log:22 - verify adim able to login
2022-07-28 15:10:42 INFO  Log:22 - login sucess
2022-07-28 15:10:42 INFO  Log:15 - =====================================sucess TEST END=========================================
2022-07-28 16:02:29 INFO  Log:11 - =====================================CrateAccount TEST START=========================================
2022-07-28 16:02:29 INFO  Log:22 - click on singn in btn
2022-07-28 16:02:43 INFO  Log:22 - enter email id
2022-07-28 16:02:54 INFO  Log:11 - =====================================login TEST START=========================================
2022-07-28 16:02:54 INFO  Log:22 - click on singn in btn
2022-07-28 16:03:02 INFO  Log:22 - enter user,password
2022-07-28 16:03:06 INFO  Log:22 - verify adim able to login
2022-07-28 16:03:06 INFO  Log:22 - login sucess
2022-07-28 16:03:06 INFO  Log:15 - =====================================sucess TEST END=========================================
2022-07-28 16:09:18 INFO  Log:11 - =====================================CrateAccount TEST START=========================================
2022-07-28 16:09:18 INFO  Log:22 - click on singn in btn
2022-07-28 16:09:25 INFO  Log:22 - enter email id
2022-07-28 16:09:37 INFO  Log:11 - =====================================login TEST START=========================================
2022-07-28 16:09:37 INFO  Log:22 - click on singn in btn
2022-07-28 16:09:44 INFO  Log:22 - enter user,password
2022-07-28 16:09:48 INFO  Log:22 - verify adim able to login
2022-07-28 16:09:48 INFO  Log:22 - login sucess
2022-07-28 16:09:48 INFO  Log:15 - =====================================sucess TEST END=========================================
2022-07-28 16:16:57 INFO  Log:11 - =====================================CrateAccount TEST START=========================================
2022-07-28 16:16:57 INFO  Log:22 - click on singn in btn
2022-07-28 16:17:09 INFO  Log:22 - enter email id
2022-07-28 16:17:20 INFO  Log:11 - =====================================login TEST START=========================================
2022-07-28 16:17:20 INFO  Log:22 - click on singn in btn
2022-07-28 16:17:39 INFO  Log:22 - enter user,password
2022-07-28 16:17:49 INFO  Log:22 - verify adim able to login
2022-07-28 16:17:49 INFO  Log:22 - login sucess
2022-07-28 16:17:49 INFO  Log:15 - =====================================sucess TEST END=========================================
